Drill report for baliza.kicad_pcb
Created on ven. 30 janv. 2026 16:22:28

Copper Layer Stackup:
    =============================================================
    L1 :  F.Cu                      front
    L2 :  B.Cu                      back


Drill file 'baliza-PTH.drl' contains
    plated through holes:
    =============================================================
    T1  0,500mm  0,0197"  (32 holes)
    T2  0,700mm  0,0276"  (4 holes)
    T3  0,750mm  0,0295"  (6 holes)
    T4  0,800mm  0,0315"  (10 holes)
    T5  1,000mm  0,0394"  (36 holes)
    T6  1,100mm  0,0433"  (7 holes)
    T7  1,300mm  0,0512"  (18 holes)
    T8  2,500mm  0,0984"  (4 holes)

    Total plated holes count 117


Drill file 'baliza-NPTH.drl' contains
    unplated through holes:
    =============================================================

    Total unplated holes count 0
